E:\TEACHING ASSISTANT\TEACHING COURSES IN FCIS\GRAPHICS - TA\LABS 2015 [OPENGL 3.3+]\LAB2- [PRIMITIVE BASICS WITH OPENGL3.+]\PRIMITIVE_DRAWING\PRIMITIVE_DRAWING\DEBUG\MAIN.OBJ
E:\TEACHING ASSISTANT\TEACHING COURSES IN FCIS\GRAPHICS - TA\LABS 2015 [OPENGL 3.3+]\LAB2- [PRIMITIVE BASICS WITH OPENGL3.+]\PRIMITIVE_DRAWING\PRIMITIVE_DRAWING\DEBUG\RENDERER.OBJ
E:\TEACHING ASSISTANT\TEACHING COURSES IN FCIS\GRAPHICS - TA\LABS 2015 [OPENGL 3.3+]\LAB2- [PRIMITIVE BASICS WITH OPENGL3.+]\PRIMITIVE_DRAWING\PRIMITIVE_DRAWING\DEBUG\SHADER.OBJ
E:\TEACHING ASSISTANT\TEACHING COURSES IN FCIS\GRAPHICS - TA\LABS 2015 [OPENGL 3.3+]\LAB2- [PRIMITIVE BASICS WITH OPENGL3.+]\PRIMITIVE_DRAWING\PRIMITIVE_DRAWING\DEBUG\VC100.PDB
E:\TA\COURSES_FCIS\GRAPHICS\LABS2015\LAB2- [PRIMITIVE BASICS WITH OPENGL3.+]\PRIMITIVE_DRAWING\PRIMITIVE_DRAWING\DEBUG\MAIN.OBJ
E:\TA\COURSES_FCIS\GRAPHICS\LABS2015\LAB2- [PRIMITIVE BASICS WITH OPENGL3.+]\PRIMITIVE_DRAWING\PRIMITIVE_DRAWING\DEBUG\RENDERER.OBJ
E:\TA\COURSES_FCIS\GRAPHICS\LABS2015\LAB2- [PRIMITIVE BASICS WITH OPENGL3.+]\PRIMITIVE_DRAWING\PRIMITIVE_DRAWING\DEBUG\SHADER.OBJ
E:\TA\COURSES_FCIS\GRAPHICS\LABS2015\LAB2- [PRIMITIVE BASICS WITH OPENGL3.+]\PRIMITIVE_DRAWING\PRIMITIVE_DRAWING\DEBUG\VC100.PDB
E:\TEACHING ASSISTANT\TEACHING COURSES IN FCIS\GRAPHICS - TA\LABS 2015 [OPENGL 3.3+]\LAB2- [PRIMITIVE BASICS WITH OPENGL3.+]\PRIMITIVE_DRAWING\DEBUG\PRIMITIVE_DRAWING.ILK
E:\TEACHING ASSISTANT\TEACHING COURSES IN FCIS\GRAPHICS - TA\LABS 2015 [OPENGL 3.3+]\LAB2- [PRIMITIVE BASICS WITH OPENGL3.+]\PRIMITIVE_DRAWING\DEBUG\PRIMITIVE_DRAWING.EXE
E:\TEACHING ASSISTANT\TEACHING COURSES IN FCIS\GRAPHICS - TA\LABS 2015 [OPENGL 3.3+]\LAB2- [PRIMITIVE BASICS WITH OPENGL3.+]\PRIMITIVE_DRAWING\PRIMITIVE_DRAWING\DEBUG\PRIMITIVE_DRAWING.EXE.INTERMEDIATE.MANIFEST
E:\TEACHING ASSISTANT\TEACHING COURSES IN FCIS\GRAPHICS - TA\LABS 2015 [OPENGL 3.3+]\LAB2- [PRIMITIVE BASICS WITH OPENGL3.+]\PRIMITIVE_DRAWING\DEBUG\PRIMITIVE_DRAWING.PDB
E:\TA\COURSES_FCIS\GRAPHICS\LABS2015\LAB2- [PRIMITIVE BASICS WITH OPENGL3.+]\PRIMITIVE_DRAWING\DEBUG\PRIMITIVE_DRAWING.ILK
E:\TA\COURSES_FCIS\GRAPHICS\LABS2015\LAB2- [PRIMITIVE BASICS WITH OPENGL3.+]\PRIMITIVE_DRAWING\DEBUG\PRIMITIVE_DRAWING.EXE
E:\TA\COURSES_FCIS\GRAPHICS\LABS2015\LAB2- [PRIMITIVE BASICS WITH OPENGL3.+]\PRIMITIVE_DRAWING\PRIMITIVE_DRAWING\DEBUG\PRIMITIVE_DRAWING.EXE.INTERMEDIATE.MANIFEST
E:\TA\COURSES_FCIS\GRAPHICS\LABS2015\LAB2- [PRIMITIVE BASICS WITH OPENGL3.+]\PRIMITIVE_DRAWING\DEBUG\PRIMITIVE_DRAWING.PDB
F:\Downloads\Primitive_Drawing - OpenGl 3.3+\Primitive_Drawing - 3.3+\Primitive_Drawing\Debug\cl.command.1.tlog
F:\Downloads\Primitive_Drawing - OpenGl 3.3+\Primitive_Drawing - 3.3+\Primitive_Drawing\Debug\CL.read.1.tlog
F:\Downloads\Primitive_Drawing - OpenGl 3.3+\Primitive_Drawing - 3.3+\Primitive_Drawing\Debug\CL.write.1.tlog
F:\Downloads\Primitive_Drawing - OpenGl 3.3+\Primitive_Drawing - 3.3+\Primitive_Drawing\Debug\link.command.1.tlog
F:\Downloads\Primitive_Drawing - OpenGl 3.3+\Primitive_Drawing - 3.3+\Primitive_Drawing\Debug\link.read.1.tlog
F:\Downloads\Primitive_Drawing - OpenGl 3.3+\Primitive_Drawing - 3.3+\Primitive_Drawing\Debug\link.write.1.tlog
F:\Downloads\Primitive_Drawing - OpenGl 3.3+\Primitive_Drawing - 3.3+\Primitive_Drawing\Debug\mt.command.1.tlog
F:\Downloads\Primitive_Drawing - OpenGl 3.3+\Primitive_Drawing - 3.3+\Primitive_Drawing\Debug\mt.read.1.tlog
F:\Downloads\Primitive_Drawing - OpenGl 3.3+\Primitive_Drawing - 3.3+\Primitive_Drawing\Debug\mt.write.1.tlog
F:\Downloads\Primitive_Drawing - OpenGl 3.3+\Primitive_Drawing - 3.3+\Primitive_Drawing\Debug\Primitive_Drawing.exe.intermediate.manifest
F:\Downloads\Primitive_Drawing - OpenGl 3.3+\Primitive_Drawing - 3.3+\Debug\Primitive_Drawing.exe
